<html>
<head>
<title>TestNG:  ACC</title>
<link href="../testng.css" rel="stylesheet" type="text/css" />
<link href="../my-testng.css" rel="stylesheet" type="text/css" />

<style type="text/css">
.log { display: none;} 
.stack-trace { display: none;} 
</style>
<script type="text/javascript">
<!--
function flip(e) {
  current = e.style.display;
  if (current == 'block') {
    e.style.display = 'none';
    return 0;
  }
  else {
    e.style.display = 'block';
    return 1;
  }
}

function toggleBox(szDivId, elem, msg1, msg2)
{
  var res = -1;  if (document.getElementById) {
    res = flip(document.getElementById(szDivId));
  }
  else if (document.all) {
    // this is the way old msie versions work
    res = flip(document.all[szDivId]);
  }
  if(elem) {
    if(res == 0) elem.innerHTML = msg1; else elem.innerHTML = msg2;
  }

}

function toggleAllBoxes() {
  if (document.getElementsByTagName) {
    d = document.getElementsByTagName('div');
    for (i = 0; i < d.length; i++) {
      if (d[i].className == 'log') {
        flip(d[i]);
      }
    }
  }
}

// -->
</script>

</head>
<body>
<h2 align='center'>ACC</h2><table border='1' align="center">
<tr>
<td>Tests passed/Failed/Skipped:</td><td>3/1/0</td>
</tr><tr>
<td>Started on:</td><td>Sun Jul 08 17:50:00 CEST 2018</td>
</tr>
<tr><td>Total time:</td><td>13 seconds (13101 ms)</td>
</tr><tr>
<td>Included groups:</td><td></td>
</tr><tr>
<td>Excluded groups:</td><td></td>
</tr>
</table><p/>
<small><i>(Hover the method name to see the test class name)</i></small><p/>
<table width='100%' border='1' class='invocation-failed'>
<tr><td colspan='4' align='center'><b>FAILED TESTS</b></td></tr>
<tr><td><b>Test method</b></td>
<td width="30%"><b>Exception</b></td>
<td width="10%"><b>Time (seconds)</b></td>
<td><b>Instance</b></td>
</tr>
<tr>
<td title='acc_timeOut.sampleAccTests.timedOutAssetAttachment()'><b>timedOutAssetAttachment</b><br>Test class: acc_timeOut.sampleAccTests<br>Test method: Add asset after time out<br/>
<a href="#Output-869592355" onClick='toggleBox("Output-869592355", this, "Show output", "Hide output");'>Show output</a>

<a href="#Output-869592355" onClick="toggleAllBoxes();">Show all outputs</a>
<div class='log' id="Output-869592355">
Base URI : https://accbe-i01.int.diconium.com/acc<br/>
Path : /ws/accident/services-api/v1/claims<br/>
Claim created and claim Id is 1471<br/>
Base URI : https://accbe-i01.int.diconium.com/acc<br/>
Path : ws/accident/services-api/v1/claims/1471/assets<br/>
response code received for Asset attachment request is 810<br/>
Base URI : https://accbe-i01.int.diconium.com/acc<br/>
Path : ws/accident/services-api/v1/claims/1471/assets<br/>
response code received for Asset attachment request is 810<br/>
</div>
</td>
<td><div><pre>java.lang.AssertionError: Failure message expected [810] but found [0]
	at acc_timeOut.sampleAccTests.timedOutAssetAttachment(sampleAccTests.java:52)
... Removed 33 stack frames</pre></div><a href='#' onClick='toggleBox("stack-trace869592355", this, "Click to show all stack frames", "Click to hide stack frames")'>Click to show all stack frames</a>
<div class='stack-trace' id='stack-trace869592355'><pre>java.lang.AssertionError: Failure message expected [810] but found [0]
	at org.testng.Assert.fail(Assert.java:96)
	at org.testng.Assert.failNotEquals(Assert.java:776)
	at org.testng.Assert.assertEqualsImpl(Assert.java:137)
	at org.testng.Assert.assertEquals(Assert.java:118)
	at org.testng.Assert.assertEquals(Assert.java:652)
	at acc_timeOut.sampleAccTests.timedOutAssetAttachment(sampleAccTests.java:52)
	at sun.reflect.NativeMethodAccessorImpl.invoke0(Native Method)
	at sun.reflect.NativeMethodAccessorImpl.invoke(NativeMethodAccessorImpl.java:62)
	at sun.reflect.DelegatingMethodAccessorImpl.invoke(DelegatingMethodAccessorImpl.java:43)
	at java.lang.reflect.Method.invoke(Method.java:498)
	at org.testng.internal.MethodInvocationHelper.invokeMethod(MethodInvocationHelper.java:124)
	at org.testng.internal.Invoker.invokeMethod(Invoker.java:583)
	at org.testng.internal.Invoker.invokeTestMethod(Invoker.java:719)
	at org.testng.internal.Invoker.invokeTestMethods(Invoker.java:989)
	at org.testng.internal.TestMethodWorker.invokeTestMethods(TestMethodWorker.java:125)
	at org.testng.internal.TestMethodWorker.run(TestMethodWorker.java:109)
	at org.testng.TestRunner.privateRun(TestRunner.java:648)
	at org.testng.TestRunner.run(TestRunner.java:505)
	at org.testng.SuiteRunner.runTest(SuiteRunner.java:455)
	at org.testng.SuiteRunner.runSequentially(SuiteRunner.java:450)
	at org.testng.SuiteRunner.privateRun(SuiteRunner.java:415)
	at org.testng.SuiteRunner.run(SuiteRunner.java:364)
	at org.testng.SuiteRunnerWorker.runSuite(SuiteRunnerWorker.java:52)
	at org.testng.SuiteRunnerWorker.run(SuiteRunnerWorker.java:84)
	at org.testng.TestNG.runSuitesSequentially(TestNG.java:1208)
	at org.testng.TestNG.runSuitesLocally(TestNG.java:1137)
	at org.testng.TestNG.runSuites(TestNG.java:1049)
	at org.testng.TestNG.run(TestNG.java:1017)
	at org.apache.maven.surefire.testng.TestNGExecutor.run(TestNGExecutor.java:295)
	at org.apache.maven.surefire.testng.TestNGXmlTestSuite.execute(TestNGXmlTestSuite.java:84)
	at org.apache.maven.surefire.testng.TestNGProvider.invoke(TestNGProvider.java:90)
	at org.apache.maven.surefire.booter.ForkedBooter.invokeProviderInSameClassLoader(ForkedBooter.java:203)
	at org.apache.maven.surefire.booter.ForkedBooter.runSuitesInProcess(ForkedBooter.java:155)
	at org.apache.maven.surefire.booter.ForkedBooter.main(ForkedBooter.java:103)
</pre></div></td>
<td>4</td>
<td>acc_timeOut.sampleAccTests@5b5b8730</td></tr>
</table><p>
<table width='100%' border='1' class='invocation-passed'>
<tr><td colspan='4' align='center'><b>PASSED TESTS</b></td></tr>
<tr><td><b>Test method</b></td>
<td width="30%"><b>Exception</b></td>
<td width="10%"><b>Time (seconds)</b></td>
<td><b>Instance</b></td>
</tr>
<tr>
<td title='acc_timeOut.sampleAccTests.overloadedAssetAttachment()'><b>overloadedAssetAttachment</b><br>Test class: acc_timeOut.sampleAccTests<br>Test method: Add more than the permitted asset<br/>
<a href="#Output-929508007" onClick='toggleBox("Output-929508007", this, "Show output", "Hide output");'>Show output</a>

<a href="#Output-929508007" onClick="toggleAllBoxes();">Show all outputs</a>
<div class='log' id="Output-929508007">
Base URI : https://accbe-i01.int.diconium.com/acc<br/>
Path : /ws/accident/services-api/v1/claims<br/>
Claim created and claim Id is 1468<br/>
Base URI : https://accbe-i01.int.diconium.com/acc<br/>
Path : ws/accident/services-api/v1/claims/1468/assets<br/>
response code received for Asset attachment request is 810<br/>
Base URI : https://accbe-i01.int.diconium.com/acc<br/>
Path : ws/accident/services-api/v1/claims/1468/assets<br/>
response code received for Asset attachment request is 810<br/>
</div>
</td>
<td></td>
<td>8</td>
<td>acc_timeOut.sampleAccTests@5b5b8730</td></tr>
<tr>
<td title='acc_timeOut.sampleAccTests.permittedAssetAttachment()'><b>permittedAssetAttachment</b><br>Test class: acc_timeOut.sampleAccTests<br>Test method: Add allowed asset<br/>
<a href="#Output-1512297688" onClick='toggleBox("Output-1512297688", this, "Show output", "Hide output");'>Show output</a>

<a href="#Output-1512297688" onClick="toggleAllBoxes();">Show all outputs</a>
<div class='log' id="Output-1512297688">
Base URI : https://accbe-i01.int.diconium.com/acc<br/>
Path : /ws/accident/services-api/v1/claims<br/>
Claim created and claim Id is 1469<br/>
Base URI : https://accbe-i01.int.diconium.com/acc<br/>
Path : ws/accident/services-api/v1/claims/1469/assets<br/>
response code received for Asset attachment request is 810<br/>
</div>
</td>
<td></td>
<td>0</td>
<td>acc_timeOut.sampleAccTests@5b5b8730</td></tr>
<tr>
<td title='acc_timeOut.sampleAccTests.testClaimCreation()'><b>testClaimCreation</b><br>Test class: acc_timeOut.sampleAccTests<br>Test method: Claim creation test<br/>
<a href="#Output-1200173970" onClick='toggleBox("Output-1200173970", this, "Show output", "Hide output");'>Show output</a>

<a href="#Output-1200173970" onClick="toggleAllBoxes();">Show all outputs</a>
<div class='log' id="Output-1200173970">
Base URI : https://accbe-i01.int.diconium.com/acc<br/>
Path : /ws/accident/services-api/v1/claims<br/>
Claim created and claim Id is 1470<br/>
</div>
</td>
<td></td>
<td>0</td>
<td>acc_timeOut.sampleAccTests@5b5b8730</td></tr>
</table><p>
</body>
</html>